GAS LISTING /tmp/ccNGc166.s 			page 1


   1              		.file	"PeriodicThread.cpp"
   2              		.option pic
   3              		.option norelax
   4              		.text
   5              	.Ltext0:
   6              		.section	.text._ZN6Thread3runEv,"axG",@progbits,_ZN6Thread3runEv,comdat
   7              		.align	2
   8              		.weak	_ZN6Thread3runEv
  10              	_ZN6Thread3runEv:
  11              	.LFB0:
  12              		.file 1 "src/../h/syscall_cpp.hpp"
   1:src/../h/syscall_cpp.hpp **** #ifndef _syscall_cpp
   2:src/../h/syscall_cpp.hpp **** #define _syscall_cpp
   3:src/../h/syscall_cpp.hpp **** #include "syscall_c.hpp"
   4:src/../h/syscall_cpp.hpp **** 
   5:src/../h/syscall_cpp.hpp **** void* operator new (size_t);
   6:src/../h/syscall_cpp.hpp **** 
   7:src/../h/syscall_cpp.hpp **** void* operator new[](size_t size);
   8:src/../h/syscall_cpp.hpp **** 
   9:src/../h/syscall_cpp.hpp **** void operator delete (void*) noexcept;
  10:src/../h/syscall_cpp.hpp **** 
  11:src/../h/syscall_cpp.hpp **** void operator delete[](void* ptr) noexcept;
  12:src/../h/syscall_cpp.hpp **** 
  13:src/../h/syscall_cpp.hpp **** 
  14:src/../h/syscall_cpp.hpp **** class Thread {
  15:src/../h/syscall_cpp.hpp **** public:
  16:src/../h/syscall_cpp.hpp ****     Thread (void (*body)(void*), void* arg);
  17:src/../h/syscall_cpp.hpp ****     virtual ~Thread ();
  18:src/../h/syscall_cpp.hpp ****     int start ();
  19:src/../h/syscall_cpp.hpp ****     static void dispatch ();
  20:src/../h/syscall_cpp.hpp ****     static int sleep (time_t);
  21:src/../h/syscall_cpp.hpp **** 
  22:src/../h/syscall_cpp.hpp ****     friend void threadStartWrapper(void *arg);
  23:src/../h/syscall_cpp.hpp **** 
  24:src/../h/syscall_cpp.hpp **** protected:
  25:src/../h/syscall_cpp.hpp ****     Thread ();
  26:src/../h/syscall_cpp.hpp ****     virtual void run () {}
  13              		.loc 1 26 18
  14              		.cfi_startproc
  15              	.LVL0:
  16 0000 130101FF 		addi	sp,sp,-16
  17              		.cfi_def_cfa_offset 16
  18 0004 23348100 		sd	s0,8(sp)
  19              		.cfi_offset 8, -8
  20 0008 13040101 		addi	s0,sp,16
  21              		.cfi_def_cfa 8, 0
  22              		.loc 1 26 26 is_stmt 0
  23 000c 03348100 		ld	s0,8(sp)
  24              		.cfi_restore 8
  25              		.cfi_def_cfa 2, 16
  26 0010 13010101 		addi	sp,sp,16
  27              		.cfi_def_cfa_offset 0
  28 0014 67800000 		jr	ra
  29              		.cfi_endproc
  30              	.LFE0:
  32              		.section	.text._ZN14PeriodicThread18periodicActivationEv,"axG",@progbits,_ZN14PeriodicThread18peri
  33              		.align	2
GAS LISTING /tmp/ccNGc166.s 			page 2


  34              		.weak	_ZN14PeriodicThread18periodicActivationEv
  36              	_ZN14PeriodicThread18periodicActivationEv:
  37              	.LFB1:
  27:src/../h/syscall_cpp.hpp **** private:
  28:src/../h/syscall_cpp.hpp ****     thread_t myHandle;  //TCB*
  29:src/../h/syscall_cpp.hpp ****     void (*body)(void*); void* arg;
  30:src/../h/syscall_cpp.hpp **** };
  31:src/../h/syscall_cpp.hpp **** 
  32:src/../h/syscall_cpp.hpp **** 
  33:src/../h/syscall_cpp.hpp **** class Semaphore {
  34:src/../h/syscall_cpp.hpp **** public:
  35:src/../h/syscall_cpp.hpp ****     Semaphore (unsigned init = 1);
  36:src/../h/syscall_cpp.hpp ****     virtual ~Semaphore ();
  37:src/../h/syscall_cpp.hpp ****     int wait ();
  38:src/../h/syscall_cpp.hpp ****     int signal ();
  39:src/../h/syscall_cpp.hpp ****     int timedWait (time_t);
  40:src/../h/syscall_cpp.hpp ****     int tryWait();
  41:src/../h/syscall_cpp.hpp **** private:
  42:src/../h/syscall_cpp.hpp ****     sem_t myHandle;
  43:src/../h/syscall_cpp.hpp **** };
  44:src/../h/syscall_cpp.hpp **** 
  45:src/../h/syscall_cpp.hpp **** class PeriodicThread : public Thread {
  46:src/../h/syscall_cpp.hpp **** public:
  47:src/../h/syscall_cpp.hpp ****     void terminate ();
  48:src/../h/syscall_cpp.hpp **** protected:
  49:src/../h/syscall_cpp.hpp ****     PeriodicThread (time_t period);
  50:src/../h/syscall_cpp.hpp ****     virtual void periodicActivation () {}
  38              		.loc 1 50 18 is_stmt 1
  39              		.cfi_startproc
  40              	.LVL1:
  41 0000 130101FF 		addi	sp,sp,-16
  42              		.cfi_def_cfa_offset 16
  43 0004 23348100 		sd	s0,8(sp)
  44              		.cfi_offset 8, -8
  45 0008 13040101 		addi	s0,sp,16
  46              		.cfi_def_cfa 8, 0
  47              		.loc 1 50 41 is_stmt 0
  48 000c 03348100 		ld	s0,8(sp)
  49              		.cfi_restore 8
  50              		.cfi_def_cfa 2, 16
  51 0010 13010101 		addi	sp,sp,16
  52              		.cfi_def_cfa_offset 0
  53 0014 67800000 		jr	ra
  54              		.cfi_endproc
  55              	.LFE1:
  57              		.section	.text._ZN14PeriodicThreadD2Ev,"axG",@progbits,_ZN14PeriodicThreadD5Ev,comdat
  58              		.align	2
  59              		.weak	_ZN14PeriodicThreadD2Ev
  61              	_ZN14PeriodicThreadD2Ev:
  62              	.LFB7:
  45:src/../h/syscall_cpp.hpp **** public:
  63              		.loc 1 45 7 is_stmt 1
  64              		.cfi_startproc
  65              	.LVL2:
  66 0000 130101FF 		addi	sp,sp,-16
  67              		.cfi_def_cfa_offset 16
  68 0004 23341100 		sd	ra,8(sp)
GAS LISTING /tmp/ccNGc166.s 			page 3


  69 0008 23308100 		sd	s0,0(sp)
  70              		.cfi_offset 1, -8
  71              		.cfi_offset 8, -16
  72 000c 13040101 		addi	s0,sp,16
  73              		.cfi_def_cfa 8, 0
  74              	.LBB5:
  45:src/../h/syscall_cpp.hpp **** public:
  75              		.loc 1 45 7 is_stmt 0
  76 0010 97070000 		lla	a5,_ZTV14PeriodicThread+16
  76      93870700 
  77 0018 2330F500 		sd	a5,0(a0)
  78 001c 97000000 		call	_ZN6ThreadD2Ev@plt
  78      E7800000 
  79              	.LVL3:
  80              	.LBE5:
  81 0024 83308100 		ld	ra,8(sp)
  82              		.cfi_restore 1
  83 0028 03340100 		ld	s0,0(sp)
  84              		.cfi_restore 8
  85              		.cfi_def_cfa 2, 16
  86 002c 13010101 		addi	sp,sp,16
  87              		.cfi_def_cfa_offset 0
  88 0030 67800000 		jr	ra
  89              		.cfi_endproc
  90              	.LFE7:
  92              		.weak	_ZN14PeriodicThreadD1Ev
  93              		.set	_ZN14PeriodicThreadD1Ev,_ZN14PeriodicThreadD2Ev
  94              		.section	.text._ZN14PeriodicThreadD0Ev,"axG",@progbits,_ZN14PeriodicThreadD5Ev,comdat
  95              		.align	2
  96              		.weak	_ZN14PeriodicThreadD0Ev
  98              	_ZN14PeriodicThreadD0Ev:
  99              	.LFB9:
  45:src/../h/syscall_cpp.hpp **** public:
 100              		.loc 1 45 7 is_stmt 1
 101              		.cfi_startproc
 102              	.LVL4:
 103 0000 130101FE 		addi	sp,sp,-32
 104              		.cfi_def_cfa_offset 32
 105 0004 233C1100 		sd	ra,24(sp)
 106 0008 23388100 		sd	s0,16(sp)
 107 000c 23349100 		sd	s1,8(sp)
 108              		.cfi_offset 1, -8
 109              		.cfi_offset 8, -16
 110              		.cfi_offset 9, -24
 111 0010 13040102 		addi	s0,sp,32
 112              		.cfi_def_cfa 8, 0
 113 0014 93040500 		mv	s1,a0
 114              	.LVL5:
 115              	.LBB6:
 116              	.LBB7:
  45:src/../h/syscall_cpp.hpp **** public:
 117              		.loc 1 45 7 is_stmt 0
 118 0018 97070000 		lla	a5,_ZTV14PeriodicThread+16
 118      93870700 
 119 0020 2330F500 		sd	a5,0(a0)
 120 0024 97000000 		call	_ZN6ThreadD2Ev@plt
 120      E7800000 
GAS LISTING /tmp/ccNGc166.s 			page 4


 121              	.LVL6:
 122              	.LBE7:
 123              	.LBE6:
 124 002c 13850400 		mv	a0,s1
 125 0030 97000000 		call	_ZdlPv@plt
 125      E7800000 
 126              	.LVL7:
 127 0038 83308101 		ld	ra,24(sp)
 128              		.cfi_restore 1
 129 003c 03340101 		ld	s0,16(sp)
 130              		.cfi_restore 8
 131              		.cfi_def_cfa 2, 32
 132 0040 83348100 		ld	s1,8(sp)
 133              		.cfi_restore 9
 134              	.LVL8:
 135 0044 13010102 		addi	sp,sp,32
 136              		.cfi_def_cfa_offset 0
 137 0048 67800000 		jr	ra
 138              		.cfi_endproc
 139              	.LFE9:
 141              		.text
 142              		.align	2
 143              		.globl	_ZN14PeriodicThread9terminateEv
 145              	_ZN14PeriodicThread9terminateEv:
 146              	.LFB2:
 147              		.file 2 "src/PeriodicThread.cpp"
   1:src/PeriodicThread.cpp **** //
   2:src/PeriodicThread.cpp **** // Created by os on 6/26/24.
   3:src/PeriodicThread.cpp **** //
   4:src/PeriodicThread.cpp **** #include "../h/syscall_cpp.hpp"
   5:src/PeriodicThread.cpp **** 
   6:src/PeriodicThread.cpp **** void PeriodicThread::terminate() {
 148              		.loc 2 6 34 is_stmt 1
 149              		.cfi_startproc
 150              	.LVL9:
 151 0000 130101FF 		addi	sp,sp,-16
 152              		.cfi_def_cfa_offset 16
 153 0004 23348100 		sd	s0,8(sp)
 154              		.cfi_offset 8, -8
 155 0008 13040101 		addi	s0,sp,16
 156              		.cfi_def_cfa 8, 0
   7:src/PeriodicThread.cpp **** 
   8:src/PeriodicThread.cpp **** }
 157              		.loc 2 8 1 is_stmt 0
 158 000c 03348100 		ld	s0,8(sp)
 159              		.cfi_restore 8
 160              		.cfi_def_cfa 2, 16
 161 0010 13010101 		addi	sp,sp,16
 162              		.cfi_def_cfa_offset 0
 163 0014 67800000 		jr	ra
 164              		.cfi_endproc
 165              	.LFE2:
 167              		.align	2
 168              		.globl	_ZN14PeriodicThreadC2Em
 170              	_ZN14PeriodicThreadC2Em:
 171              	.LFB4:
   9:src/PeriodicThread.cpp **** 
GAS LISTING /tmp/ccNGc166.s 			page 5


  10:src/PeriodicThread.cpp **** PeriodicThread::PeriodicThread(time_t period) {
 172              		.loc 2 10 1 is_stmt 1
 173              		.cfi_startproc
 174              	.LVL10:
 175 0018 130101FE 		addi	sp,sp,-32
 176              		.cfi_def_cfa_offset 32
 177 001c 233C1100 		sd	ra,24(sp)
 178 0020 23388100 		sd	s0,16(sp)
 179 0024 23349100 		sd	s1,8(sp)
 180              		.cfi_offset 1, -8
 181              		.cfi_offset 8, -16
 182              		.cfi_offset 9, -24
 183 0028 13040102 		addi	s0,sp,32
 184              		.cfi_def_cfa 8, 0
 185 002c 93040500 		mv	s1,a0
 186              	.LBB8:
 187              		.loc 2 10 45 is_stmt 0
 188 0030 97000000 		call	_ZN6ThreadC2Ev@plt
 188      E7800000 
 189              	.LVL11:
 190 0038 97070000 		lla	a5,_ZTV14PeriodicThread+16
 190      93870700 
 191 0040 23B0F400 		sd	a5,0(s1)
 192              	.LBE8:
  11:src/PeriodicThread.cpp **** 
  12:src/PeriodicThread.cpp **** }
 193              		.loc 2 12 1
 194 0044 83308101 		ld	ra,24(sp)
 195              		.cfi_restore 1
 196 0048 03340101 		ld	s0,16(sp)
 197              		.cfi_restore 8
 198              		.cfi_def_cfa 2, 32
 199 004c 83348100 		ld	s1,8(sp)
 200              		.cfi_restore 9
 201              	.LVL12:
 202 0050 13010102 		addi	sp,sp,32
 203              		.cfi_def_cfa_offset 0
 204 0054 67800000 		jr	ra
 205              		.cfi_endproc
 206              	.LFE4:
 208              		.globl	_ZN14PeriodicThreadC1Em
 209              		.set	_ZN14PeriodicThreadC1Em,_ZN14PeriodicThreadC2Em
 210              		.weak	_ZTV14PeriodicThread
 211              		.section	.data.rel.ro.local._ZTV14PeriodicThread,"awG",@progbits,_ZTV14PeriodicThread,comdat
 212              		.align	3
 215              	_ZTV14PeriodicThread:
 216 0000 00000000 		.dword	0
 216      00000000 
 217 0008 00000000 		.dword	0
 217      00000000 
 218 0010 00000000 		.dword	_ZN14PeriodicThreadD1Ev
 218      00000000 
 219 0018 00000000 		.dword	_ZN14PeriodicThreadD0Ev
 219      00000000 
 220 0020 00000000 		.dword	_ZN6Thread3runEv
 220      00000000 
 221 0028 00000000 		.dword	_ZN14PeriodicThread18periodicActivationEv
GAS LISTING /tmp/ccNGc166.s 			page 6


 221      00000000 
 222              		.text
 223              	.Letext0:
 224              		.file 3 "src/../h/../lib/hw.h"
 225              		.file 4 "src/../h/syscall_c.hpp"
GAS LISTING /tmp/ccNGc166.s 			page 7


DEFINED SYMBOLS
                            *ABS*:0000000000000000 PeriodicThread.cpp
     /tmp/ccNGc166.s:10     .text._ZN6Thread3runEv:0000000000000000 _ZN6Thread3runEv
     /tmp/ccNGc166.s:14     .text._ZN6Thread3runEv:0000000000000000 .L0 
     /tmp/ccNGc166.s:16     .text._ZN6Thread3runEv:0000000000000000 .L0 
     /tmp/ccNGc166.s:17     .text._ZN6Thread3runEv:0000000000000004 .L0 
     /tmp/ccNGc166.s:19     .text._ZN6Thread3runEv:0000000000000008 .L0 
     /tmp/ccNGc166.s:21     .text._ZN6Thread3runEv:000000000000000c .L0 
     /tmp/ccNGc166.s:23     .text._ZN6Thread3runEv:000000000000000c .L0 
     /tmp/ccNGc166.s:24     .text._ZN6Thread3runEv:0000000000000010 .L0 
     /tmp/ccNGc166.s:25     .text._ZN6Thread3runEv:0000000000000010 .L0 
     /tmp/ccNGc166.s:27     .text._ZN6Thread3runEv:0000000000000014 .L0 
     /tmp/ccNGc166.s:29     .text._ZN6Thread3runEv:0000000000000018 .L0 
     /tmp/ccNGc166.s:36     .text._ZN14PeriodicThread18periodicActivationEv:0000000000000000 _ZN14PeriodicThread18periodicActivationEv
     /tmp/ccNGc166.s:39     .text._ZN14PeriodicThread18periodicActivationEv:0000000000000000 .L0 
     /tmp/ccNGc166.s:41     .text._ZN14PeriodicThread18periodicActivationEv:0000000000000000 .L0 
     /tmp/ccNGc166.s:42     .text._ZN14PeriodicThread18periodicActivationEv:0000000000000004 .L0 
     /tmp/ccNGc166.s:44     .text._ZN14PeriodicThread18periodicActivationEv:0000000000000008 .L0 
     /tmp/ccNGc166.s:46     .text._ZN14PeriodicThread18periodicActivationEv:000000000000000c .L0 
     /tmp/ccNGc166.s:48     .text._ZN14PeriodicThread18periodicActivationEv:000000000000000c .L0 
     /tmp/ccNGc166.s:49     .text._ZN14PeriodicThread18periodicActivationEv:0000000000000010 .L0 
     /tmp/ccNGc166.s:50     .text._ZN14PeriodicThread18periodicActivationEv:0000000000000010 .L0 
     /tmp/ccNGc166.s:52     .text._ZN14PeriodicThread18periodicActivationEv:0000000000000014 .L0 
     /tmp/ccNGc166.s:54     .text._ZN14PeriodicThread18periodicActivationEv:0000000000000018 .L0 
     /tmp/ccNGc166.s:61     .text._ZN14PeriodicThreadD2Ev:0000000000000000 _ZN14PeriodicThreadD2Ev
     /tmp/ccNGc166.s:64     .text._ZN14PeriodicThreadD2Ev:0000000000000000 .L0 
     /tmp/ccNGc166.s:66     .text._ZN14PeriodicThreadD2Ev:0000000000000000 .L0 
     /tmp/ccNGc166.s:67     .text._ZN14PeriodicThreadD2Ev:0000000000000004 .L0 
     /tmp/ccNGc166.s:70     .text._ZN14PeriodicThreadD2Ev:000000000000000c .L0 
     /tmp/ccNGc166.s:71     .text._ZN14PeriodicThreadD2Ev:000000000000000c .L0 
     /tmp/ccNGc166.s:73     .text._ZN14PeriodicThreadD2Ev:0000000000000010 .L0 
     /tmp/ccNGc166.s:215    .data.rel.ro.local._ZTV14PeriodicThread:0000000000000000 _ZTV14PeriodicThread
     /tmp/ccNGc166.s:76     .text._ZN14PeriodicThreadD2Ev:0000000000000010 .L0 
     /tmp/ccNGc166.s:82     .text._ZN14PeriodicThreadD2Ev:0000000000000028 .L0 
     /tmp/ccNGc166.s:84     .text._ZN14PeriodicThreadD2Ev:000000000000002c .L0 
     /tmp/ccNGc166.s:85     .text._ZN14PeriodicThreadD2Ev:000000000000002c .L0 
     /tmp/ccNGc166.s:87     .text._ZN14PeriodicThreadD2Ev:0000000000000030 .L0 
     /tmp/ccNGc166.s:89     .text._ZN14PeriodicThreadD2Ev:0000000000000034 .L0 
     /tmp/ccNGc166.s:61     .text._ZN14PeriodicThreadD2Ev:0000000000000000 _ZN14PeriodicThreadD1Ev
     /tmp/ccNGc166.s:98     .text._ZN14PeriodicThreadD0Ev:0000000000000000 _ZN14PeriodicThreadD0Ev
     /tmp/ccNGc166.s:101    .text._ZN14PeriodicThreadD0Ev:0000000000000000 .L0 
     /tmp/ccNGc166.s:103    .text._ZN14PeriodicThreadD0Ev:0000000000000000 .L0 
     /tmp/ccNGc166.s:104    .text._ZN14PeriodicThreadD0Ev:0000000000000004 .L0 
     /tmp/ccNGc166.s:108    .text._ZN14PeriodicThreadD0Ev:0000000000000010 .L0 
     /tmp/ccNGc166.s:109    .text._ZN14PeriodicThreadD0Ev:0000000000000010 .L0 
     /tmp/ccNGc166.s:110    .text._ZN14PeriodicThreadD0Ev:0000000000000010 .L0 
     /tmp/ccNGc166.s:112    .text._ZN14PeriodicThreadD0Ev:0000000000000014 .L0 
     /tmp/ccNGc166.s:118    .text._ZN14PeriodicThreadD0Ev:0000000000000018 .L0 
     /tmp/ccNGc166.s:128    .text._ZN14PeriodicThreadD0Ev:000000000000003c .L0 
     /tmp/ccNGc166.s:130    .text._ZN14PeriodicThreadD0Ev:0000000000000040 .L0 
     /tmp/ccNGc166.s:131    .text._ZN14PeriodicThreadD0Ev:0000000000000040 .L0 
     /tmp/ccNGc166.s:133    .text._ZN14PeriodicThreadD0Ev:0000000000000044 .L0 
     /tmp/ccNGc166.s:136    .text._ZN14PeriodicThreadD0Ev:0000000000000048 .L0 
     /tmp/ccNGc166.s:138    .text._ZN14PeriodicThreadD0Ev:000000000000004c .L0 
     /tmp/ccNGc166.s:145    .text:0000000000000000 _ZN14PeriodicThread9terminateEv
     /tmp/ccNGc166.s:149    .text:0000000000000000 .L0 
     /tmp/ccNGc166.s:151    .text:0000000000000000 .L0 
GAS LISTING /tmp/ccNGc166.s 			page 8


     /tmp/ccNGc166.s:152    .text:0000000000000004 .L0 
     /tmp/ccNGc166.s:154    .text:0000000000000008 .L0 
     /tmp/ccNGc166.s:156    .text:000000000000000c .L0 
     /tmp/ccNGc166.s:158    .text:000000000000000c .L0 
     /tmp/ccNGc166.s:159    .text:0000000000000010 .L0 
     /tmp/ccNGc166.s:160    .text:0000000000000010 .L0 
     /tmp/ccNGc166.s:162    .text:0000000000000014 .L0 
     /tmp/ccNGc166.s:164    .text:0000000000000018 .L0 
     /tmp/ccNGc166.s:170    .text:0000000000000018 _ZN14PeriodicThreadC2Em
     /tmp/ccNGc166.s:173    .text:0000000000000018 .L0 
     /tmp/ccNGc166.s:175    .text:0000000000000018 .L0 
     /tmp/ccNGc166.s:176    .text:000000000000001c .L0 
     /tmp/ccNGc166.s:180    .text:0000000000000028 .L0 
     /tmp/ccNGc166.s:181    .text:0000000000000028 .L0 
     /tmp/ccNGc166.s:182    .text:0000000000000028 .L0 
     /tmp/ccNGc166.s:184    .text:000000000000002c .L0 
     /tmp/ccNGc166.s:188    .text:0000000000000030 .L0 
     /tmp/ccNGc166.s:194    .text:0000000000000044 .L0 
     /tmp/ccNGc166.s:195    .text:0000000000000048 .L0 
     /tmp/ccNGc166.s:197    .text:000000000000004c .L0 
     /tmp/ccNGc166.s:198    .text:000000000000004c .L0 
     /tmp/ccNGc166.s:200    .text:0000000000000050 .L0 
     /tmp/ccNGc166.s:203    .text:0000000000000054 .L0 
     /tmp/ccNGc166.s:205    .text:0000000000000058 .L0 
     /tmp/ccNGc166.s:170    .text:0000000000000018 _ZN14PeriodicThreadC1Em
     /tmp/ccNGc166.s:32     .text._ZN6Thread3runEv:0000000000000018 .L0 
     /tmp/ccNGc166.s:57     .text._ZN14PeriodicThread18periodicActivationEv:0000000000000018 .L0 
     /tmp/ccNGc166.s:94     .text._ZN14PeriodicThreadD2Ev:0000000000000034 .L0 
     /tmp/ccNGc166.s:141    .text._ZN14PeriodicThreadD0Ev:000000000000004c .L0 
     /tmp/ccNGc166.s:226    .text:0000000000000058 .L0 
     /tmp/ccNGc166.s:190    .text:0000000000000038 .L0 
     /tmp/ccNGc166.s:76     .text._ZN14PeriodicThreadD2Ev:0000000000000010 .L0 
     /tmp/ccNGc166.s:118    .text._ZN14PeriodicThreadD0Ev:0000000000000018 .L0 
     /tmp/ccNGc166.s:678    .debug_abbrev:0000000000000000 .Ldebug_abbrev0
     /tmp/ccNGc166.s:1391   .debug_str:000000000000019b .LASF30
     /tmp/ccNGc166.s:1345   .debug_str:0000000000000000 .LASF31
     /tmp/ccNGc166.s:1425   .debug_str:0000000000000358 .LASF32
     /tmp/ccNGc166.s:1329   .debug_ranges:0000000000000000 .Ldebug_ranges0
     /tmp/ccNGc166.s:1343   .debug_line:0000000000000000 .Ldebug_line0
     /tmp/ccNGc166.s:1397   .debug_str:0000000000000281 .LASF0
     /tmp/ccNGc166.s:1381   .debug_str:0000000000000120 .LASF1
     /tmp/ccNGc166.s:1375   .debug_str:00000000000000fb .LASF2
     /tmp/ccNGc166.s:1357   .debug_str:000000000000005e .LASF4
     /tmp/ccNGc166.s:1379   .debug_str:000000000000010e .LASF3
     /tmp/ccNGc166.s:1349   .debug_str:000000000000002a .LASF5
     /tmp/ccNGc166.s:1403   .debug_str:00000000000002a3 .LASF6
     /tmp/ccNGc166.s:1347   .debug_str:0000000000000017 .LASF7
     /tmp/ccNGc166.s:1369   .debug_str:00000000000000d2 .LASF8
     /tmp/ccNGc166.s:1405   .debug_str:00000000000002aa .LASF9
     /tmp/ccNGc166.s:1353   .debug_str:0000000000000049 .LASF10
     /tmp/ccNGc166.s:1427   .debug_str:0000000000000376 .LASF11
     /tmp/ccNGc166.s:1371   .debug_str:00000000000000e5 .LASF12
     /tmp/ccNGc166.s:1421   .debug_str:0000000000000341 .LASF13
     /tmp/ccNGc166.s:1411   .debug_str:00000000000002f0 .LASF14
     /tmp/ccNGc166.s:1383   .debug_str:0000000000000133 .LASF15
     /tmp/ccNGc166.s:1365   .debug_str:00000000000000ab .LASF16
     /tmp/ccNGc166.s:1409   .debug_str:00000000000002da .LASF17
GAS LISTING /tmp/ccNGc166.s 			page 9


     /tmp/ccNGc166.s:1401   .debug_str:000000000000029e .LASF18
     /tmp/ccNGc166.s:1419   .debug_str:0000000000000332 .LASF19
     /tmp/ccNGc166.s:1389   .debug_str:0000000000000181 .LASF20
     /tmp/ccNGc166.s:1359   .debug_str:0000000000000065 .LASF21
     /tmp/ccNGc166.s:1393   .debug_str:000000000000025f .LASF22
     /tmp/ccNGc166.s:1407   .debug_str:00000000000002ba .LASF23
     /tmp/ccNGc166.s:1361   .debug_str:0000000000000080 .LASF24
     /tmp/ccNGc166.s:1363   .debug_str:0000000000000098 .LASF33
     /tmp/ccNGc166.s:1385   .debug_str:000000000000013f .LASF34
     /tmp/ccNGc166.s:1355   .debug_str:0000000000000057 .LASF35
     /tmp/ccNGc166.s:1417   .debug_str:0000000000000322 .LASF36
     /tmp/ccNGc166.s:1387   .debug_str:0000000000000169 .LASF37
     /tmp/ccNGc166.s:1373   .debug_str:00000000000000f4 .LASF38
     /tmp/ccNGc166.s:1367   .debug_str:00000000000000c1 .LASF39
     /tmp/ccNGc166.s:1377   .debug_str:0000000000000109 .LASF25
     /tmp/ccNGc166.s:1415   .debug_str:0000000000000318 .LASF26
     /tmp/ccNGc166.s:1351   .debug_str:0000000000000031 .LASF27
     /tmp/ccNGc166.s:99     .text._ZN14PeriodicThreadD0Ev:0000000000000000 .LFB9
     /tmp/ccNGc166.s:139    .text._ZN14PeriodicThreadD0Ev:000000000000004c .LFE9
     /tmp/ccNGc166.s:1233   .debug_loc:0000000000000000 .LLST1
     /tmp/ccNGc166.s:115    .text._ZN14PeriodicThreadD0Ev:0000000000000018 .LBB6
     /tmp/ccNGc166.s:123    .text._ZN14PeriodicThreadD0Ev:000000000000002c .LBE6
     /tmp/ccNGc166.s:1251   .debug_loc:000000000000004c .LLST2
     /tmp/ccNGc166.s:121    .text._ZN14PeriodicThreadD0Ev:000000000000002c .LVL6
     /tmp/ccNGc166.s:126    .text._ZN14PeriodicThreadD0Ev:0000000000000038 .LVL7
     /tmp/ccNGc166.s:1413   .debug_str:0000000000000300 .LASF28
     /tmp/ccNGc166.s:62     .text._ZN14PeriodicThreadD2Ev:0000000000000000 .LFB7
     /tmp/ccNGc166.s:90     .text._ZN14PeriodicThreadD2Ev:0000000000000034 .LFE7
     /tmp/ccNGc166.s:1262   .debug_loc:0000000000000082 .LLST0
     /tmp/ccNGc166.s:79     .text._ZN14PeriodicThreadD2Ev:0000000000000024 .LVL3
     /tmp/ccNGc166.s:1395   .debug_str:0000000000000269 .LASF29
     /tmp/ccNGc166.s:171    .text:0000000000000018 .LFB4
     /tmp/ccNGc166.s:206    .text:0000000000000058 .LFE4
     /tmp/ccNGc166.s:1276   .debug_loc:00000000000000bb .LLST3
     /tmp/ccNGc166.s:1294   .debug_loc:0000000000000107 .LLST4
     /tmp/ccNGc166.s:189    .text:0000000000000038 .LVL11
     /tmp/ccNGc166.s:146    .text:0000000000000000 .LFB2
     /tmp/ccNGc166.s:165    .text:0000000000000018 .LFE2
     /tmp/ccNGc166.s:37     .text._ZN14PeriodicThread18periodicActivationEv:0000000000000000 .LFB1
     /tmp/ccNGc166.s:55     .text._ZN14PeriodicThread18periodicActivationEv:0000000000000018 .LFE1
     /tmp/ccNGc166.s:11     .text._ZN6Thread3runEv:0000000000000000 .LFB0
     /tmp/ccNGc166.s:30     .text._ZN6Thread3runEv:0000000000000018 .LFE0
     /tmp/ccNGc166.s:1423   .debug_str:0000000000000351 .LASF40
     /tmp/ccNGc166.s:1399   .debug_str:000000000000028e .LASF41
     /tmp/ccNGc166.s:102    .text._ZN14PeriodicThreadD0Ev:0000000000000000 .LVL4
     /tmp/ccNGc166.s:134    .text._ZN14PeriodicThreadD0Ev:0000000000000044 .LVL8
     /tmp/ccNGc166.s:114    .text._ZN14PeriodicThreadD0Ev:0000000000000018 .LVL5
     /tmp/ccNGc166.s:65     .text._ZN14PeriodicThreadD2Ev:0000000000000000 .LVL2
     /tmp/ccNGc166.s:174    .text:0000000000000018 .LVL10
     /tmp/ccNGc166.s:201    .text:0000000000000050 .LVL12
     /tmp/ccNGc166.s:227    .debug_info:0000000000000000 .Ldebug_info0
     /tmp/ccNGc166.s:5      .text:0000000000000000 .Ltext0
     /tmp/ccNGc166.s:223    .text:0000000000000058 .Letext0
                           .group:0000000000000000 _ZN14PeriodicThreadD5Ev

UNDEFINED SYMBOLS
_ZN6ThreadD2Ev
GAS LISTING /tmp/ccNGc166.s 			page 10


_ZdlPv
_ZN6ThreadC2Ev
